2025/02/27 08:57:10 [notice] 1#1: using the "epoll" event method
2025/02/27 08:57:10 [notice] 1#1: nginx/1.27.4
2025/02/27 08:57:10 [notice] 1#1: built by gcc 12.2.0 (Debian 12.2.0-14) 
2025/02/27 08:57:10 [notice] 1#1: OS: Linux 6.1.0-26-amd64
2025/02/27 08:57:10 [notice] 1#1: getrlimit(RLIMIT_NOFILE): 1048576:1048576
2025/02/27 08:57:10 [notice] 1#1: start worker processes
2025/02/27 08:57:10 [notice] 1#1: start worker process 29
2025/02/27 08:57:10 [notice] 1#1: start worker process 30
2025/02/27 09:03:52 [notice] 1#1: signal 3 (SIGQUIT) received, shutting down
2025/02/27 09:03:52 [notice] 30#30: gracefully shutting down
2025/02/27 09:03:52 [notice] 30#30: exiting
2025/02/27 09:03:52 [notice] 29#29: gracefully shutting down
2025/02/27 09:03:52 [notice] 29#29: exiting
2025/02/27 09:03:52 [notice] 29#29: exit
2025/02/27 09:03:52 [notice] 30#30: exit
2025/02/27 09:03:52 [notice] 1#1: signal 17 (SIGCHLD) received from 30
2025/02/27 09:03:52 [notice] 1#1: worker process 30 exited with code 0
2025/02/27 09:03:52 [notice] 1#1: signal 29 (SIGIO) received
2025/02/27 09:03:52 [notice] 1#1: signal 17 (SIGCHLD) received from 29
2025/02/27 09:03:52 [notice] 1#1: worker process 29 exited with code 0
2025/02/27 09:03:52 [notice] 1#1: exit
2025/02/27 09:06:53 [notice] 1#1: using the "epoll" event method
2025/02/27 09:06:53 [notice] 1#1: nginx/1.27.4
2025/02/27 09:06:53 [notice] 1#1: built by gcc 12.2.0 (Debian 12.2.0-14) 
2025/02/27 09:06:53 [notice] 1#1: OS: Linux 6.1.0-26-amd64
2025/02/27 09:06:53 [notice] 1#1: getrlimit(RLIMIT_NOFILE): 1048576:1048576
2025/02/27 09:06:53 [notice] 1#1: start worker processes
2025/02/27 09:06:53 [notice] 1#1: start worker process 28
2025/02/27 09:06:53 [notice] 1#1: start worker process 29
2025/02/27 09:07:53 [error] 28#28: *2 open() "/usr/share/nginx/html/favicon.ico" failed (2: No such file or directory), client: 192.168.0.106, server: localhost, request: "GET /favicon.ico HTTP/1.1", host: "192.168.0.111:81", referrer: "http://192.168.0.111:81/"
2025/02/27 11:26:12 [notice] 1#1: signal 3 (SIGQUIT) received, shutting down
2025/02/27 11:26:12 [notice] 29#29: gracefully shutting down
2025/02/27 11:26:12 [notice] 28#28: gracefully shutting down
2025/02/27 11:26:12 [notice] 28#28: exiting
2025/02/27 11:26:12 [notice] 28#28: exit
2025/02/27 11:26:12 [notice] 29#29: exiting
2025/02/27 11:26:12 [notice] 29#29: exit
2025/02/27 11:26:12 [notice] 1#1: signal 17 (SIGCHLD) received from 29
2025/02/27 11:26:12 [notice] 1#1: worker process 29 exited with code 0
2025/02/27 11:26:12 [notice] 1#1: signal 29 (SIGIO) received
2025/02/27 11:26:12 [notice] 1#1: signal 17 (SIGCHLD) received from 28
2025/02/27 11:26:12 [notice] 1#1: worker process 28 exited with code 0
2025/02/27 11:26:12 [notice] 1#1: exit
2025/02/27 11:52:46 [notice] 1#1: using the "epoll" event method
2025/02/27 11:52:46 [notice] 1#1: nginx/1.27.4
2025/02/27 11:52:46 [notice] 1#1: built by gcc 12.2.0 (Debian 12.2.0-14) 
2025/02/27 11:52:46 [notice] 1#1: OS: Linux 6.1.0-26-amd64
2025/02/27 11:52:46 [notice] 1#1: getrlimit(RLIMIT_NOFILE): 1048576:1048576
2025/02/27 11:52:46 [notice] 1#1: start worker processes
2025/02/27 11:52:46 [notice] 1#1: start worker process 29
2025/02/27 11:52:46 [notice] 1#1: start worker process 30
2025/02/27 12:21:35 [notice] 1#1: signal 3 (SIGQUIT) received, shutting down
2025/02/27 12:21:35 [notice] 29#29: gracefully shutting down
2025/02/27 12:21:35 [notice] 30#30: gracefully shutting down
2025/02/27 12:21:35 [notice] 29#29: exiting
2025/02/27 12:21:35 [notice] 30#30: exiting
2025/02/27 12:21:35 [notice] 30#30: exit
2025/02/27 12:21:35 [notice] 29#29: exit
2025/02/27 12:21:35 [notice] 1#1: signal 17 (SIGCHLD) received from 30
2025/02/27 12:21:35 [notice] 1#1: worker process 30 exited with code 0
2025/02/27 12:21:35 [notice] 1#1: signal 29 (SIGIO) received
2025/02/27 12:21:35 [notice] 1#1: signal 17 (SIGCHLD) received from 29
2025/02/27 12:21:35 [notice] 1#1: worker process 29 exited with code 0
2025/02/27 12:21:35 [notice] 1#1: exit
2025/02/27 12:21:58 [notice] 1#1: using the "epoll" event method
2025/02/27 12:21:58 [notice] 1#1: nginx/1.27.4
2025/02/27 12:21:58 [notice] 1#1: built by gcc 12.2.0 (Debian 12.2.0-14) 
2025/02/27 12:21:58 [notice] 1#1: OS: Linux 6.1.0-26-amd64
2025/02/27 12:21:58 [notice] 1#1: getrlimit(RLIMIT_NOFILE): 1048576:1048576
2025/02/27 12:21:58 [notice] 1#1: start worker processes
2025/02/27 12:21:58 [notice] 1#1: start worker process 29
2025/02/27 12:21:58 [notice] 1#1: start worker process 30
2025/02/27 12:57:08 [notice] 1#1: signal 3 (SIGQUIT) received, shutting down
2025/02/27 12:57:08 [notice] 30#30: gracefully shutting down
2025/02/27 12:57:08 [notice] 29#29: gracefully shutting down
2025/02/27 12:57:08 [notice] 30#30: exiting
2025/02/27 12:57:08 [notice] 29#29: exiting
2025/02/27 12:57:08 [notice] 30#30: exit
2025/02/27 12:57:08 [notice] 29#29: exit
2025/02/27 12:57:08 [notice] 1#1: signal 17 (SIGCHLD) received from 30
2025/02/27 12:57:08 [notice] 1#1: worker process 29 exited with code 0
2025/02/27 12:57:08 [notice] 1#1: worker process 30 exited with code 0
2025/02/27 12:57:08 [notice] 1#1: exit
2025/02/27 12:57:26 [notice] 1#1: using the "epoll" event method
2025/02/27 12:57:26 [notice] 1#1: nginx/1.27.4
2025/02/27 12:57:26 [notice] 1#1: built by gcc 12.2.0 (Debian 12.2.0-14) 
2025/02/27 12:57:26 [notice] 1#1: OS: Linux 6.1.0-26-amd64
2025/02/27 12:57:26 [notice] 1#1: getrlimit(RLIMIT_NOFILE): 1048576:1048576
2025/02/27 12:57:26 [notice] 1#1: start worker processes
2025/02/27 12:57:26 [notice] 1#1: start worker process 29
2025/02/27 12:57:26 [notice] 1#1: start worker process 30
